Determining if the pthread_create exist failed with the following output:
Change Dir: /u/kelleher/fall2021/cs393r/cs393r_starter/build/CMakeFiles/CMakeTmp

Run Build Command:"/usr/bin/make" "cmTC_13bab/fast"
make[1]: Entering directory '/u/kelleher/fall2021/cs393r/cs393r_starter/build/CMakeFiles/CMakeTmp'
/usr/bin/make -f CMakeFiles/cmTC_13bab.dir/build.make CMakeFiles/cmTC_13bab.dir/build
make[2]: Entering directory '/u/kelleher/fall2021/cs393r/cs393r_starter/build/CMakeFiles/CMakeTmp'
Building C object CMakeFiles/cmTC_13bab.dir/CheckSymbolExists.c.o
/usr/bin/gcc    -o CMakeFiles/cmTC_13bab.dir/CheckSymbolExists.c.o   -c /u/kelleher/fall2021/cs393r/cs393r_starter/build/CMakeFiles/CMakeTmp/CheckSymbolExists.c
Linking C executable cmTC_13bab
/usr/bin/cmake -E cmake_link_script CMakeFiles/cmTC_13bab.dir/link.txt --verbose=1
/usr/bin/gcc      -rdynamic CMakeFiles/cmTC_13bab.dir/CheckSymbolExists.c.o  -o cmTC_13bab 
CMakeFiles/cmTC_13bab.dir/CheckSymbolExists.c.o: In function `main':
CheckSymbolExists.c:(.text+0x1b): undefined reference to `pthread_create'
collect2: error: ld returned 1 exit status
CMakeFiles/cmTC_13bab.dir/build.make:97: recipe for target 'cmTC_13bab' failed
make[2]: *** [cmTC_13bab] Error 1
make[2]: Leaving directory '/u/kelleher/fall2021/cs393r/cs393r_starter/build/CMakeFiles/CMakeTmp'
Makefile:126: recipe for target 'cmTC_13bab/fast' failed
make[1]: *** [cmTC_13bab/fast] Error 2
make[1]: Leaving directory '/u/kelleher/fall2021/cs393r/cs393r_starter/build/CMakeFiles/CMakeTmp'

File /u/kelleher/fall2021/cs393r/cs393r_starter/build/CMakeFiles/CMakeTmp/CheckSymbolExists.c:
/* */
#include <pthread.h>

int main(int argc, char** argv)
{
  (void)argv;
#ifndef pthread_create
  return ((int*)(&pthread_create))[argc];
#else
  (void)argc;
  return 0;
#endif
}

Determining if the function pthread_create exists in the pthreads failed with the following output:
Change Dir: /u/kelleher/fall2021/cs393r/cs393r_starter/build/CMakeFiles/CMakeTmp

Run Build Command:"/usr/bin/make" "cmTC_a4ae0/fast"
make[1]: Entering directory '/u/kelleher/fall2021/cs393r/cs393r_starter/build/CMakeFiles/CMakeTmp'
/usr/bin/make -f CMakeFiles/cmTC_a4ae0.dir/build.make CMakeFiles/cmTC_a4ae0.dir/build
make[2]: Entering directory '/u/kelleher/fall2021/cs393r/cs393r_starter/build/CMakeFiles/CMakeTmp'
Building C object CMakeFiles/cmTC_a4ae0.dir/CheckFunctionExists.c.o
/usr/bin/gcc   -DCHECK_FUNCTION_EXISTS=pthread_create   -o CMakeFiles/cmTC_a4ae0.dir/CheckFunctionExists.c.o   -c /usr/share/cmake-3.10/Modules/CheckFunctionExists.c
Linking C executable cmTC_a4ae0
/usr/bin/cmake -E cmake_link_script CMakeFiles/cmTC_a4ae0.dir/link.txt --verbose=1
/usr/bin/gcc  -DCHECK_FUNCTION_EXISTS=pthread_create    -rdynamic CMakeFiles/cmTC_a4ae0.dir/CheckFunctionExists.c.o  -o cmTC_a4ae0 -lpthreads 
/usr/bin/ld: cannot find -lpthreads
collect2: error: ld returned 1 exit status
CMakeFiles/cmTC_a4ae0.dir/build.make:97: recipe for target 'cmTC_a4ae0' failed
make[2]: *** [cmTC_a4ae0] Error 1
make[2]: Leaving directory '/u/kelleher/fall2021/cs393r/cs393r_starter/build/CMakeFiles/CMakeTmp'
Makefile:126: recipe for target 'cmTC_a4ae0/fast' failed
make[1]: *** [cmTC_a4ae0/fast] Error 2
make[1]: Leaving directory '/u/kelleher/fall2021/cs393r/cs393r_starter/build/CMakeFiles/CMakeTmp'


Determining if the pthread_create exist failed with the following output:
Change Dir: /u/kelleher/fall2021/cs393r/assignment1/cs393r-obstacle-avoidance/build/CMakeFiles/CMakeTmp

Run Build Command:"/usr/bin/make" "cmTC_17f32/fast"
make[1]: Entering directory '/u/kelleher/fall2021/cs393r/assignment1/cs393r-obstacle-avoidance/build/CMakeFiles/CMakeTmp'
/usr/bin/make -f CMakeFiles/cmTC_17f32.dir/build.make CMakeFiles/cmTC_17f32.dir/build
make[2]: Entering directory '/u/kelleher/fall2021/cs393r/assignment1/cs393r-obstacle-avoidance/build/CMakeFiles/CMakeTmp'
Building C object CMakeFiles/cmTC_17f32.dir/CheckSymbolExists.c.o
/usr/bin/gcc    -o CMakeFiles/cmTC_17f32.dir/CheckSymbolExists.c.o   -c /u/kelleher/fall2021/cs393r/assignment1/cs393r-obstacle-avoidance/build/CMakeFiles/CMakeTmp/CheckSymbolExists.c
Linking C executable cmTC_17f32
/usr/bin/cmake -E cmake_link_script CMakeFiles/cmTC_17f32.dir/link.txt --verbose=1
/usr/bin/gcc      -rdynamic CMakeFiles/cmTC_17f32.dir/CheckSymbolExists.c.o  -o cmTC_17f32 
CMakeFiles/cmTC_17f32.dir/CheckSymbolExists.c.o: In function `main':
CheckSymbolExists.c:(.text+0x1b): undefined reference to `pthread_create'
collect2: error: ld returned 1 exit status
CMakeFiles/cmTC_17f32.dir/build.make:97: recipe for target 'cmTC_17f32' failed
make[2]: *** [cmTC_17f32] Error 1
make[2]: Leaving directory '/u/kelleher/fall2021/cs393r/assignment1/cs393r-obstacle-avoidance/build/CMakeFiles/CMakeTmp'
Makefile:126: recipe for target 'cmTC_17f32/fast' failed
make[1]: *** [cmTC_17f32/fast] Error 2
make[1]: Leaving directory '/u/kelleher/fall2021/cs393r/assignment1/cs393r-obstacle-avoidance/build/CMakeFiles/CMakeTmp'

File /u/kelleher/fall2021/cs393r/assignment1/cs393r-obstacle-avoidance/build/CMakeFiles/CMakeTmp/CheckSymbolExists.c:
/* */
#include <pthread.h>

int main(int argc, char** argv)
{
  (void)argv;
#ifndef pthread_create
  return ((int*)(&pthread_create))[argc];
#else
  (void)argc;
  return 0;
#endif
}

Determining if the function pthread_create exists in the pthreads failed with the following output:
Change Dir: /u/kelleher/fall2021/cs393r/assignment1/cs393r-obstacle-avoidance/build/CMakeFiles/CMakeTmp

Run Build Command:"/usr/bin/make" "cmTC_db4f9/fast"
make[1]: Entering directory '/u/kelleher/fall2021/cs393r/assignment1/cs393r-obstacle-avoidance/build/CMakeFiles/CMakeTmp'
/usr/bin/make -f CMakeFiles/cmTC_db4f9.dir/build.make CMakeFiles/cmTC_db4f9.dir/build
make[2]: Entering directory '/u/kelleher/fall2021/cs393r/assignment1/cs393r-obstacle-avoidance/build/CMakeFiles/CMakeTmp'
Building C object CMakeFiles/cmTC_db4f9.dir/CheckFunctionExists.c.o
/usr/bin/gcc   -DCHECK_FUNCTION_EXISTS=pthread_create   -o CMakeFiles/cmTC_db4f9.dir/CheckFunctionExists.c.o   -c /usr/share/cmake-3.10/Modules/CheckFunctionExists.c
Linking C executable cmTC_db4f9
/usr/bin/cmake -E cmake_link_script CMakeFiles/cmTC_db4f9.dir/link.txt --verbose=1
/usr/bin/gcc  -DCHECK_FUNCTION_EXISTS=pthread_create    -rdynamic CMakeFiles/cmTC_db4f9.dir/CheckFunctionExists.c.o  -o cmTC_db4f9 -lpthreads 
/usr/bin/ld: cannot find -lpthreads
collect2: error: ld returned 1 exit status
CMakeFiles/cmTC_db4f9.dir/build.make:97: recipe for target 'cmTC_db4f9' failed
make[2]: *** [cmTC_db4f9] Error 1
make[2]: Leaving directory '/u/kelleher/fall2021/cs393r/assignment1/cs393r-obstacle-avoidance/build/CMakeFiles/CMakeTmp'
Makefile:126: recipe for target 'cmTC_db4f9/fast' failed
make[1]: *** [cmTC_db4f9/fast] Error 2
make[1]: Leaving directory '/u/kelleher/fall2021/cs393r/assignment1/cs393r-obstacle-avoidance/build/CMakeFiles/CMakeTmp'


